Loaded 53 chapters.
[1/53] ROTRQ Chapter 1: The Drum Thief
  New tagline: The drum is a promise of power — and a target for every betrayal.
Saved 53 chapters to /Users/fidelnamisi/Indaba/data/generated_assets.json
[2/53] ROTRQ Chapter 2: Fractured
  New tagline: A thief, a liar, and a killer walk into a trap—and they brought it with them.
Saved 53 chapters to /Users/fidelnamisi/Indaba/data/generated_assets.json
[3/53] ROTRQ Chapter 3: Captured
  New tagline: The master he betrayed now holds the leash.
Saved 53 chapters to /Users/fidelnamisi/Indaba/data/generated_assets.json
[4/53] ROTRQ Chapter 4: Blood and Betrayal
  New tagline: The prophecy demands a sacrifice—but the wrong blood is on the altar.
Saved 53 chapters to /Users/fidelnamisi/Indaba/data/generated_assets.json
[5/53] ROTRQ Chapter 5: The Debt Is Settled
  New tagline: Pride walks. Loyalty follows.
Saved 53 chapters to /Users/fidelnamisi/Indaba/data/generated_assets.json
[6/53] ROTRQ Chapter 6: The Sound That Woke The Thunder
  New tagline: The drum has chosen, and its voice is vengeance.
Saved 53 chapters to /Users/fidelnamisi/Indaba/data/generated_assets.json
[7/53] ROTRQ Chapter 7: No More Blood
  New tagline: A queen ascends the throne, but the rebel who crowned her must fall.
Saved 53 chapters to /Users/fidelnamisi/Indaba/data/generated_assets.json
[8/53] ROTRQ Chapter 8: The Final Order
  New tagline: To save the queen, he must become the exile.
Saved 53 chapters to /Users/fidelnamisi/Indaba/data/generated_assets.json
[9/53] OAO Chapter 1: The Oracle, the Prophecy and the Traitor
  New tagline: A father must kill the daughter he raised to claim the throne he was never meant to have.
Saved 53 chapters to /Users/fidelnamisi/Indaba/data/generated_assets.json
[10/53] OAO Chapter 2: Spears And Fangs
  New tagline: The drum is silent, but the blood it summons is real.
Saved 53 chapters to /Users/fidelnamisi/Indaba/data/generated_assets.json
[11/53] OAO Chapter 3: The Wild Dog
  New tagline: A dog can bite the hand that holds its leash.
Saved 53 chapters to /Users/fidelnamisi/Indaba/data/generated_assets.json
[12/53] OAO Chapter 4: Children of the Drum
  New tagline: The assassin has fled, but the empire's true killer has just been crowned.
Saved 53 chapters to /Users/fidelnamisi/Indaba/data/generated_assets.json
[13/53] OAO Chapter 5: Death Of A King
  New tagline: The sacred drum is gone, and the empire is already dead.
Saved 53 chapters to /Users/fidelnamisi/Indaba/data/generated_assets.json
[14/53] OAO Chapter 6: The Two Riders
  New tagline: The past is a trail even the best tracker cannot leave behind.
Saved 53 chapters to /Users/fidelnamisi/Indaba/data/generated_assets.json
[15/53] OAO Chapter 7: Ghosts in a Tavern
  New tagline: The girl he loved is gone, but the amulet she carries is a trap for them both.
Saved 53 chapters to /Users/fidelnamisi/Indaba/data/generated_assets.json
[16/53] OAO Chapter 8: The Shadow of the Drum
  New tagline: The drum that could free a nation has already broken one man.
Saved 53 chapters to /Users/fidelnamisi/Indaba/data/generated_assets.json
[17/53] OAO Chapter 9: The Mountains of Mwari
  New tagline: The heir has the drum, but the thief has the map.
Saved 53 chapters to /Users/fidelnamisi/Indaba/data/generated_assets.json
[18/53] MOSAS Chapter 1: Chapter 1
  New tagline: A son returns to the slum that birthed him, only to learn his mother's story has a price.
Saved 53 chapters to /Users/fidelnamisi/Indaba/data/generated_assets.json
[19/53] MOSAS Chapter 2: Chapter 2
  New tagline: A son builds a life of careful lies to protect the one truth that could shatter it.
Saved 53 chapters to /Users/fidelnamisi/Indaba/data/generated_assets.json
[20/53] MOSAS Chapter 3: Chapter 3
  New tagline: The future arrived, but the old suspicions never left.
Saved 53 chapters to /Users/fidelnamisi/Indaba/data/generated_assets.json
[21/53] MOSAS Chapter 4: Chapter 4
  New tagline: The past is hiring, but it doesn't pay.
Saved 53 chapters to /Users/fidelnamisi/Indaba/data/generated_assets.json
[22/53] MOSAS Chapter 5: Chapter 5
  New tagline: A uniform can be a disguise, or a declaration of war.
Saved 53 chapters to /Users/fidelnamisi/Indaba/data/generated_assets.json
[23/53] MOSAS Chapter 6: Chapter 6
  New tagline: History is an argument, and the syllabus is the first shot.
Saved 53 chapters to /Users/fidelnamisi/Indaba/data/generated_assets.json
[24/53] MOSAS Chapter 7: Chapter 7
  New tagline: The museum's most dangerous artefacts aren't the ones on the list.
Saved 53 chapters to /Users/fidelnamisi/Indaba/data/generated_assets.json
[25/53] MOSAS Chapter 8: Chapter 8
  New tagline: The hero's journey begins with a single, unmarked crate.
Saved 53 chapters to /Users/fidelnamisi/Indaba/data/generated_assets.json
[26/53] MOSAS Chapter 9: Chapter 9
  New tagline: The shield that protects the archers cannot protect the men who hold the line.
Saved 53 chapters to /Users/fidelnamisi/Indaba/data/generated_assets.json
[27/53] MOSAS Chapter 10: Chapter 10
  New tagline: A god can be felled by a shadow.
Saved 53 chapters to /Users/fidelnamisi/Indaba/data/generated_assets.json
[28/53] MOSAS Chapter 11: Chapter 11
  New tagline: The shadows will hide you, but the truth will hunt you down.
Saved 53 chapters to /Users/fidelnamisi/Indaba/data/generated_assets.json
[29/53] MOSAS Chapter 12: Chapter 12
  New tagline: A man who walks in shadows must now step into the light.
Saved 53 chapters to /Users/fidelnamisi/Indaba/data/generated_assets.json
[30/53] MOSAS Chapter 13: Chapter 13
  New tagline: A teacher's sudden surrender is more dangerous than his lesson.
Saved 53 chapters to /Users/fidelnamisi/Indaba/data/generated_assets.json
[31/53] MOSAS Chapter 14: Chapter 14
  New tagline: The hunter of shadows becomes the hunted.
Saved 53 chapters to /Users/fidelnamisi/Indaba/data/generated_assets.json
[32/53] MOSAS Chapter 15: Chapter 15
  New tagline: A gift is a cage, and the key is another person's breath.
Saved 53 chapters to /Users/fidelnamisi/Indaba/data/generated_assets.json
[33/53] MOSAS Chapter 16: Chapter 16
  New tagline: The truth of a legend is a secret that can kill.
Saved 53 chapters to /Users/fidelnamisi/Indaba/data/generated_assets.json
[34/53] MOSAS Chapter 17: Chapter 17
  New tagline: A shadow can be stabbed, but a friend can be drowned.
Saved 53 chapters to /Users/fidelnamisi/Indaba/data/generated_assets.json
[35/53] MOSAS Chapter 18: Chapter 18
  New tagline: The legend gave him stone skin. His own shadow bleeds.
Saved 53 chapters to /Users/fidelnamisi/Indaba/data/generated_assets.json
[36/53] MOSAS Chapter 19: Chapter 19
  New tagline: The truth he demanded shattered the only family he had.
Saved 53 chapters to /Users/fidelnamisi/Indaba/data/generated_assets.json
[37/53] MOSAS Chapter 20: Chapter 20
  New tagline: The hunter has found his first scent.
Saved 53 chapters to /Users/fidelnamisi/Indaba/data/generated_assets.json
[38/53] MOSAS Chapter 21: Chapter 21
  New tagline: The chosen one drowns.
Saved 53 chapters to /Users/fidelnamisi/Indaba/data/generated_assets.json
[39/53] MOSAS Chapter 22: Chapter 22
  New tagline: The past is a guest you should never invite to dinner.
Saved 53 chapters to /Users/fidelnamisi/Indaba/data/generated_assets.json
[40/53] MOSAS Chapter 23: Chapter 23
  New tagline: The chosen one was never supposed to be the hero.
Saved 53 chapters to /Users/fidelnamisi/Indaba/data/generated_assets.json
[41/53] MOSAS Chapter 24: Chapter 24
  New tagline: The past is a library that never burned.
Saved 53 chapters to /Users/fidelnamisi/Indaba/data/generated_assets.json
[42/53] MOSAS Chapter 25: Chapter 25
  New tagline: A missing artifact is a question. Knowing its name is an accusation.
Saved 53 chapters to /Users/fidelnamisi/Indaba/data/generated_assets.json
[43/53] MOSAS Chapter 26: Chapter 26
  New tagline: The truth died with a scream in the swamp.
Saved 53 chapters to /Users/fidelnamisi/Indaba/data/generated_assets.json
[44/53] MOSAS Chapter 27: Chapter 27
  New tagline: A secret is stolen, and a greater one is revealed.
Saved 53 chapters to /Users/fidelnamisi/Indaba/data/generated_assets.json
[45/53] MOSAS Chapter 28: Chapter 28
  New tagline: The evidence has vanished, and with it, his last shred of credibility.
Saved 53 chapters to /Users/fidelnamisi/Indaba/data/generated_assets.json
[46/53] MOSAS Chapter 29: Chapter 29
  New tagline: A secret is a weapon, and a friend just stole it from your hand.
Saved 53 chapters to /Users/fidelnamisi/Indaba/data/generated_assets.json
[47/53] MOSAS Chapter 30: Chapter 30
  New tagline: The mentor is dead, and the murderer holds his office.
Saved 53 chapters to /Users/fidelnamisi/Indaba/data/generated_assets.json
[48/53] MOSAS Chapter 31: Chapter 31
  New tagline: The dead man’s message was a weapon—and the first wound was forgiveness.
Saved 53 chapters to /Users/fidelnamisi/Indaba/data/generated_assets.json
[49/53] MOSAS Chapter 32: Chapter 32
  New tagline: A failing grade is the least of his worries.
Saved 53 chapters to /Users/fidelnamisi/Indaba/data/generated_assets.json
[50/53] MOSAS Chapter 33: Chapter 33
  New tagline: The mentor became the monster, and the only way to stop him is to follow him into the dark.
Saved 53 chapters to /Users/fidelnamisi/Indaba/data/generated_assets.json
[51/53] MOSAS Chapter 34: Chapter 34
  New tagline: The shadow you cast is the one who saves you.
Saved 53 chapters to /Users/fidelnamisi/Indaba/data/generated_assets.json
[52/53] MOSAS Chapter 35: Chapter 35
  New tagline: A hero's legacy is not a gift, but a debt that must be paid.
Saved 53 chapters to /Users/fidelnamisi/Indaba/data/generated_assets.json
[53/53] MOSAS Chapter 36: Chapter 36
  New tagline: A name is a story, and his is just beginning.
Saved 53 chapters to /Users/fidelnamisi/Indaba/data/generated_assets.json

Done. Updated 53 chapters.

--- Summary ---
ROTRQ Chapter 1: The Drum Thief
  The drum is a promise of power — and a target for every betrayal.

ROTRQ Chapter 2: Fractured
  A thief, a liar, and a killer walk into a trap—and they brought it with them.

ROTRQ Chapter 3: Captured
  The master he betrayed now holds the leash.

ROTRQ Chapter 4: Blood and Betrayal
  The prophecy demands a sacrifice—but the wrong blood is on the altar.

ROTRQ Chapter 5: The Debt Is Settled
  Pride walks. Loyalty follows.

ROTRQ Chapter 6: The Sound That Woke The Thunder
  The drum has chosen, and its voice is vengeance.

ROTRQ Chapter 7: No More Blood
  A queen ascends the throne, but the rebel who crowned her must fall.

ROTRQ Chapter 8: The Final Order
  To save the queen, he must become the exile.

OAO Chapter 1: The Oracle, the Prophecy and the Traitor
  A father must kill the daughter he raised to claim the throne he was never meant to have.

OAO Chapter 2: Spears And Fangs
  The drum is silent, but the blood it summons is real.

OAO Chapter 3: The Wild Dog
  A dog can bite the hand that holds its leash.

OAO Chapter 4: Children of the Drum
  The assassin has fled, but the empire's true killer has just been crowned.

OAO Chapter 5: Death Of A King
  The sacred drum is gone, and the empire is already dead.

OAO Chapter 6: The Two Riders
  The past is a trail even the best tracker cannot leave behind.

OAO Chapter 7: Ghosts in a Tavern
  The girl he loved is gone, but the amulet she carries is a trap for them both.

OAO Chapter 8: The Shadow of the Drum
  The drum that could free a nation has already broken one man.

OAO Chapter 9: The Mountains of Mwari
  The heir has the drum, but the thief has the map.

MOSAS Chapter 1: Chapter 1
  A son returns to the slum that birthed him, only to learn his mother's story has a price.

MOSAS Chapter 2: Chapter 2
  A son builds a life of careful lies to protect the one truth that could shatter it.

MOSAS Chapter 3: Chapter 3
  The future arrived, but the old suspicions never left.

MOSAS Chapter 4: Chapter 4
  The past is hiring, but it doesn't pay.

MOSAS Chapter 5: Chapter 5
  A uniform can be a disguise, or a declaration of war.

MOSAS Chapter 6: Chapter 6
  History is an argument, and the syllabus is the first shot.

MOSAS Chapter 7: Chapter 7
  The museum's most dangerous artefacts aren't the ones on the list.

MOSAS Chapter 8: Chapter 8
  The hero's journey begins with a single, unmarked crate.

MOSAS Chapter 9: Chapter 9
  The shield that protects the archers cannot protect the men who hold the line.

MOSAS Chapter 10: Chapter 10
  A god can be felled by a shadow.

MOSAS Chapter 11: Chapter 11
  The shadows will hide you, but the truth will hunt you down.

MOSAS Chapter 12: Chapter 12
  A man who walks in shadows must now step into the light.

MOSAS Chapter 13: Chapter 13
  A teacher's sudden surrender is more dangerous than his lesson.

MOSAS Chapter 14: Chapter 14
  The hunter of shadows becomes the hunted.

MOSAS Chapter 15: Chapter 15
  A gift is a cage, and the key is another person's breath.

MOSAS Chapter 16: Chapter 16
  The truth of a legend is a secret that can kill.

MOSAS Chapter 17: Chapter 17
  A shadow can be stabbed, but a friend can be drowned.

MOSAS Chapter 18: Chapter 18
  The legend gave him stone skin. His own shadow bleeds.

MOSAS Chapter 19: Chapter 19
  The truth he demanded shattered the only family he had.

MOSAS Chapter 20: Chapter 20
  The hunter has found his first scent.

MOSAS Chapter 21: Chapter 21
  The chosen one drowns.

MOSAS Chapter 22: Chapter 22
  The past is a guest you should never invite to dinner.

MOSAS Chapter 23: Chapter 23
  The chosen one was never supposed to be the hero.

MOSAS Chapter 24: Chapter 24
  The past is a library that never burned.

MOSAS Chapter 25: Chapter 25
  A missing artifact is a question. Knowing its name is an accusation.

MOSAS Chapter 26: Chapter 26
  The truth died with a scream in the swamp.

MOSAS Chapter 27: Chapter 27
  A secret is stolen, and a greater one is revealed.

MOSAS Chapter 28: Chapter 28
  The evidence has vanished, and with it, his last shred of credibility.

MOSAS Chapter 29: Chapter 29
  A secret is a weapon, and a friend just stole it from your hand.

MOSAS Chapter 30: Chapter 30
  The mentor is dead, and the murderer holds his office.

MOSAS Chapter 31: Chapter 31
  The dead man’s message was a weapon—and the first wound was forgiveness.

MOSAS Chapter 32: Chapter 32
  A failing grade is the least of his worries.

MOSAS Chapter 33: Chapter 33
  The mentor became the monster, and the only way to stop him is to follow him into the dark.

MOSAS Chapter 34: Chapter 34
  The shadow you cast is the one who saves you.

MOSAS Chapter 35: Chapter 35
  A hero's legacy is not a gift, but a debt that must be paid.

MOSAS Chapter 36: Chapter 36
  A name is a story, and his is just beginning.

